This file contains any messages produced by compilers while
running configure, to aid debugging if configure makes a mistake.

It was created by dvgrab configure 3.5, which was
generated by GNU Autoconf 2.64.  Invocation command line was

  $ ./configure 

## --------- ##
## Platform. ##
## --------- ##

hostname = shapur
uname -m = x86_64
uname -r = 2.6.32-25-generic
uname -s = Linux
uname -v = #44-Ubuntu SMP Fri Sep 17 20:05:27 UTC 2010

/usr/bin/uname -p = unknown
/bin/uname -X     = unknown

/bin/arch              = unknown
/usr/bin/arch -k       = unknown
/usr/convex/getsysinfo = unknown
/usr/bin/hostinfo      = unknown
/bin/machine           = unknown
/usr/bin/oslevel       = unknown
/bin/universe          = unknown

PATH: /home/robotlab/ros/ros/bin
PATH: /usr/local/sbin
PATH: /usr/local/bin
PATH: /usr/sbin
PATH: /usr/bin
PATH: /sbin
PATH: /bin
PATH: /usr/games


## ----------- ##
## Core tests. ##
## ----------- ##

configure:2306: checking for a BSD-compatible install
configure:2374: result: /usr/bin/install -c
configure:2385: checking whether build environment is sane
configure:2435: result: yes
configure:2576: checking for a thread-safe mkdir -p
configure:2615: result: /bin/mkdir -p
configure:2628: checking for gawk
configure:2644: found /usr/bin/gawk
configure:2655: result: gawk
configure:2666: checking whether make sets $(MAKE)
configure:2688: result: yes
configure:2771: checking whether to enable maintainer-specific portions of Makefiles
configure:2780: result: no
configure:2842: checking for gcc
configure:2858: found /usr/bin/gcc
configure:2869: result: gcc
configure:3098: checking for C compiler version
configure:3107: gcc --version >&5
gcc (Ubuntu 4.4.3-4ubuntu5) 4.4.3
Copyright (C) 2009 Free Software Foundation, Inc.
This is free software; see the source for copying conditions.  There is NO
warranty; not even for MERCHANTABILITY or FITNESS FOR A PARTICULAR PURPOSE.

configure:3118: $? = 0
configure:3107: gcc -v >&5
Using built-in specs.
Target: x86_64-linux-gnu
Configured with: ../src/configure -v --with-pkgversion='Ubuntu 4.4.3-4ubuntu5' --with-bugurl=file:///usr/share/doc/gcc-4.4/README.Bugs --enable-languages=c,c++,fortran,objc,obj-c++ --prefix=/usr --enable-shared --enable-multiarch --enable-linker-build-id --with-system-zlib --libexecdir=/usr/lib --without-included-gettext --enable-threads=posix --with-gxx-include-dir=/usr/include/c++/4.4 --program-suffix=-4.4 --enable-nls --enable-clocale=gnu --enable-libstdcxx-debug --enable-plugin --enable-objc-gc --disable-werror --with-arch-32=i486 --with-tune=generic --enable-checking=release --build=x86_64-linux-gnu --host=x86_64-linux-gnu --target=x86_64-linux-gnu
Thread model: posix
gcc version 4.4.3 (Ubuntu 4.4.3-4ubuntu5) 
configure:3118: $? = 0
configure:3107: gcc -V >&5
gcc: '-V' option must have argument
configure:3118: $? = 1
configure:3107: gcc -qversion >&5
gcc: unrecognized option '-qversion'
gcc: no input files
configure:3118: $? = 1
configure:3140: checking for C compiler default output file name
configure:3162: gcc    conftest.c  >&5
configure:3166: $? = 0
configure:3203: result: a.out
configure:3219: checking whether the C compiler works
configure:3228: ./a.out
configure:3232: $? = 0
configure:3247: result: yes
configure:3254: checking whether we are cross compiling
configure:3256: result: no
configure:3259: checking for suffix of executables
configure:3266: gcc -o conftest    conftest.c  >&5
configure:3270: $? = 0
configure:3292: result: 
configure:3298: checking for suffix of object files
configure:3320: gcc -c   conftest.c >&5
configure:3324: $? = 0
configure:3345: result: o
configure:3349: checking whether we are using the GNU C compiler
configure:3368: gcc -c   conftest.c >&5
configure:3368: $? = 0
configure:3377: result: yes
configure:3386: checking whether gcc accepts -g
configure:3406: gcc -c -g  conftest.c >&5
configure:3406: $? = 0
configure:3447: result: yes
configure:3464: checking for gcc option to accept ISO C89
configure:3528: gcc  -c -g -O2  conftest.c >&5
configure:3528: $? = 0
configure:3541: result: none needed
configure:3572: checking for style of include used by make
configure:3600: result: GNU
configure:3625: checking dependency style of gcc
configure:3735: result: gcc3
configure:3751: checking for library containing strerror
configure:3782: gcc -o conftest -g -O2   conftest.c  >&5
configure:3782: $? = 0
configure:3799: result: none required
configure:3865: checking for g++
configure:3881: found /usr/bin/g++
configure:3892: result: g++
configure:3919: checking for C++ compiler version
configure:3928: g++ --version >&5
g++ (Ubuntu 4.4.3-4ubuntu5) 4.4.3
Copyright (C) 2009 Free Software Foundation, Inc.
This is free software; see the source for copying conditions.  There is NO
warranty; not even for MERCHANTABILITY or FITNESS FOR A PARTICULAR PURPOSE.

configure:3939: $? = 0
configure:3928: g++ -v >&5
Using built-in specs.
Target: x86_64-linux-gnu
Configured with: ../src/configure -v --with-pkgversion='Ubuntu 4.4.3-4ubuntu5' --with-bugurl=file:///usr/share/doc/gcc-4.4/README.Bugs --enable-languages=c,c++,fortran,objc,obj-c++ --prefix=/usr --enable-shared --enable-multiarch --enable-linker-build-id --with-system-zlib --libexecdir=/usr/lib --without-included-gettext --enable-threads=posix --with-gxx-include-dir=/usr/include/c++/4.4 --program-suffix=-4.4 --enable-nls --enable-clocale=gnu --enable-libstdcxx-debug --enable-plugin --enable-objc-gc --disable-werror --with-arch-32=i486 --with-tune=generic --enable-checking=release --build=x86_64-linux-gnu --host=x86_64-linux-gnu --target=x86_64-linux-gnu
Thread model: posix
gcc version 4.4.3 (Ubuntu 4.4.3-4ubuntu5) 
configure:3939: $? = 0
configure:3928: g++ -V >&5
g++: '-V' option must have argument
configure:3939: $? = 1
configure:3928: g++ -qversion >&5
g++: unrecognized option '-qversion'
g++: no input files
configure:3939: $? = 1
configure:3943: checking whether we are using the GNU C++ compiler
configure:3962: g++ -c   conftest.cpp >&5
configure:3962: $? = 0
configure:3971: result: yes
configure:3980: checking whether g++ accepts -g
configure:4000: g++ -c -g  conftest.cpp >&5
configure:4000: $? = 0
configure:4041: result: yes
configure:4066: checking dependency style of g++
configure:4176: result: gcc3
configure:4239: checking for gcc
configure:4266: result: gcc
configure:4495: checking for C compiler version
configure:4504: gcc --version >&5
gcc (Ubuntu 4.4.3-4ubuntu5) 4.4.3
Copyright (C) 2009 Free Software Foundation, Inc.
This is free software; see the source for copying conditions.  There is NO
warranty; not even for MERCHANTABILITY or FITNESS FOR A PARTICULAR PURPOSE.

configure:4515: $? = 0
configure:4504: gcc -v >&5
Using built-in specs.
Target: x86_64-linux-gnu
Configured with: ../src/configure -v --with-pkgversion='Ubuntu 4.4.3-4ubuntu5' --with-bugurl=file:///usr/share/doc/gcc-4.4/README.Bugs --enable-languages=c,c++,fortran,objc,obj-c++ --prefix=/usr --enable-shared --enable-multiarch --enable-linker-build-id --with-system-zlib --libexecdir=/usr/lib --without-included-gettext --enable-threads=posix --with-gxx-include-dir=/usr/include/c++/4.4 --program-suffix=-4.4 --enable-nls --enable-clocale=gnu --enable-libstdcxx-debug --enable-plugin --enable-objc-gc --disable-werror --with-arch-32=i486 --with-tune=generic --enable-checking=release --build=x86_64-linux-gnu --host=x86_64-linux-gnu --target=x86_64-linux-gnu
Thread model: posix
gcc version 4.4.3 (Ubuntu 4.4.3-4ubuntu5) 
configure:4515: $? = 0
configure:4504: gcc -V >&5
gcc: '-V' option must have argument
configure:4515: $? = 1
configure:4504: gcc -qversion >&5
gcc: unrecognized option '-qversion'
gcc: no input files
configure:4515: $? = 1
configure:4519: checking whether we are using the GNU C compiler
configure:4547: result: yes
configure:4556: checking whether gcc accepts -g
configure:4617: result: yes
configure:4634: checking for gcc option to accept ISO C89
configure:4711: result: none needed
configure:4733: checking dependency style of gcc
configure:4843: result: gcc3
configure:4866: checking how to run the C preprocessor
configure:4897: gcc -E  conftest.c
configure:4897: $? = 0
configure:4911: gcc -E  conftest.c
conftest.c:11:28: error: ac_nonexistent.h: No such file or directory
configure:4911: $? = 1
configure: failed program was:
| /* confdefs.h */
| #define PACKAGE_NAME "dvgrab"
| #define PACKAGE_TARNAME "dvgrab"
| #define PACKAGE_VERSION "3.5"
| #define PACKAGE_STRING "dvgrab 3.5"
| #define PACKAGE_BUGREPORT "http://sourceforge.net/tracker/?atid=114103&group_id=14103"
| #define PACKAGE_URL ""
| #define PACKAGE "dvgrab"
| #define VERSION "3.5"
| /* end confdefs.h.  */
| #include <ac_nonexistent.h>
configure:4936: result: gcc -E
configure:4956: gcc -E  conftest.c
configure:4956: $? = 0
configure:4970: gcc -E  conftest.c
conftest.c:11:28: error: ac_nonexistent.h: No such file or directory
configure:4970: $? = 1
configure: failed program was:
| /* confdefs.h */
| #define PACKAGE_NAME "dvgrab"
| #define PACKAGE_TARNAME "dvgrab"
| #define PACKAGE_VERSION "3.5"
| #define PACKAGE_STRING "dvgrab 3.5"
| #define PACKAGE_BUGREPORT "http://sourceforge.net/tracker/?atid=114103&group_id=14103"
| #define PACKAGE_URL ""
| #define PACKAGE "dvgrab"
| #define VERSION "3.5"
| /* end confdefs.h.  */
| #include <ac_nonexistent.h>
configure:4999: checking for grep that handles long lines and -e
configure:5057: result: /bin/grep
configure:5062: checking for egrep
configure:5124: result: /bin/grep -E
configure:5129: checking for ANSI C header files
configure:5149: gcc -c -g -O2  conftest.c >&5
configure:5149: $? = 0
configure:5222: gcc -o conftest -g -O2   conftest.c  >&5
configure:5222: $? = 0
configure:5222: ./conftest
configure:5222: $? = 0
configure:5233: result: yes
configure:5246: checking for sys/types.h
configure:5246: gcc -c -g -O2  conftest.c >&5
configure:5246: $? = 0
configure:5246: result: yes
configure:5246: checking for sys/stat.h
configure:5246: gcc -c -g -O2  conftest.c >&5
configure:5246: $? = 0
configure:5246: result: yes
configure:5246: checking for stdlib.h
configure:5246: gcc -c -g -O2  conftest.c >&5
configure:5246: $? = 0
configure:5246: result: yes
configure:5246: checking for string.h
configure:5246: gcc -c -g -O2  conftest.c >&5
configure:5246: $? = 0
configure:5246: result: yes
configure:5246: checking for memory.h
configure:5246: gcc -c -g -O2  conftest.c >&5
configure:5246: $? = 0
configure:5246: result: yes
configure:5246: checking for strings.h
configure:5246: gcc -c -g -O2  conftest.c >&5
configure:5246: $? = 0
configure:5246: result: yes
configure:5246: checking for inttypes.h
configure:5246: gcc -c -g -O2  conftest.c >&5
configure:5246: $? = 0
configure:5246: result: yes
configure:5246: checking for stdint.h
configure:5246: gcc -c -g -O2  conftest.c >&5
configure:5246: $? = 0
configure:5246: result: yes
configure:5246: checking for unistd.h
configure:5246: gcc -c -g -O2  conftest.c >&5
configure:5246: $? = 0
configure:5246: result: yes
configure:5259: checking whether byte ordering is bigendian
configure:5274: gcc -c -g -O2  conftest.c >&5
conftest.c:22: error: expected '=', ',', ';', 'asm' or '__attribute__' before 'a'
configure:5274: $? = 1
configure: failed program was:
| /* confdefs.h */
| #define PACKAGE_NAME "dvgrab"
| #define PACKAGE_TARNAME "dvgrab"
| #define PACKAGE_VERSION "3.5"
| #define PACKAGE_STRING "dvgrab 3.5"
| #define PACKAGE_BUGREPORT "http://sourceforge.net/tracker/?atid=114103&group_id=14103"
| #define PACKAGE_URL ""
| #define PACKAGE "dvgrab"
| #define VERSION "3.5"
| #define STDC_HEADERS 1
| #define HAVE_SYS_TYPES_H 1
| #define HAVE_SYS_STAT_H 1
| #define HAVE_STDLIB_H 1
| #define HAVE_STRING_H 1
| #define HAVE_MEMORY_H 1
| #define HAVE_STRINGS_H 1
| #define HAVE_INTTYPES_H 1
| #define HAVE_STDINT_H 1
| #define HAVE_UNISTD_H 1
| /* end confdefs.h.  */
| #ifndef __APPLE_CC__
| 	       not a universal capable compiler
| 	     #endif
| 	     typedef int dummy;
| 
configure:5319: gcc -c -g -O2  conftest.c >&5
configure:5319: $? = 0
configure:5337: gcc -c -g -O2  conftest.c >&5
conftest.c: In function 'main':
conftest.c:28: error: 'not' undeclared (first use in this function)
conftest.c:28: error: (Each undeclared identifier is reported only once
conftest.c:28: error: for each function it appears in.)
conftest.c:28: error: expected ';' before 'big'
configure:5337: $? = 1
configure: failed program was:
| /* confdefs.h */
| #define PACKAGE_NAME "dvgrab"
| #define PACKAGE_TARNAME "dvgrab"
| #define PACKAGE_VERSION "3.5"
| #define PACKAGE_STRING "dvgrab 3.5"
| #define PACKAGE_BUGREPORT "http://sourceforge.net/tracker/?atid=114103&group_id=14103"
| #define PACKAGE_URL ""
| #define PACKAGE "dvgrab"
| #define VERSION "3.5"
| #define STDC_HEADERS 1
| #define HAVE_SYS_TYPES_H 1
| #define HAVE_SYS_STAT_H 1
| #define HAVE_STDLIB_H 1
| #define HAVE_STRING_H 1
| #define HAVE_MEMORY_H 1
| #define HAVE_STRINGS_H 1
| #define HAVE_INTTYPES_H 1
| #define HAVE_STDINT_H 1
| #define HAVE_UNISTD_H 1
| /* end confdefs.h.  */
| #include <sys/types.h>
| 		#include <sys/param.h>
| 
| int
| main ()
| {
| #if BYTE_ORDER != BIG_ENDIAN
| 		 not big endian
| 		#endif
| 
|   ;
|   return 0;
| }
configure:5465: result: no
configure:5485: checking for ANSI C header files
configure:5589: result: yes
configure:5600: checking fcntl.h usability
configure:5600: gcc -c -g -O2  conftest.c >&5
configure:5600: $? = 0
configure:5600: result: yes
configure:5600: checking fcntl.h presence
configure:5600: gcc -E  conftest.c
configure:5600: $? = 0
configure:5600: result: yes
configure:5600: checking for fcntl.h
configure:5600: result: yes
configure:5600: checking for unistd.h
configure:5600: result: yes
configure:5600: checking stdio.h usability
configure:5600: gcc -c -g -O2  conftest.c >&5
configure:5600: $? = 0
configure:5600: result: yes
configure:5600: checking stdio.h presence
configure:5600: gcc -E  conftest.c
configure:5600: $? = 0
configure:5600: result: yes
configure:5600: checking for stdio.h
configure:5600: result: yes
configure:5662: checking for pkg-config
configure:5680: found /usr/bin/pkg-config
configure:5692: result: /usr/bin/pkg-config
configure:5717: checking pkg-config is at least version 0.9.0
configure:5720: result: yes
configure:5731: checking for LIBRAW1394
configure:5738: $PKG_CONFIG --exists --print-errors "libraw1394 >= 1.1.0"
configure:5741: $? = 0
configure:5754: $PKG_CONFIG --exists --print-errors "libraw1394 >= 1.1.0"
configure:5757: $? = 0
configure:5811: result: yes
configure:5820: checking for LIBAVC1394
configure:5827: $PKG_CONFIG --exists --print-errors "libavc1394 >= 0.5.1"
configure:5830: $? = 0
configure:5843: $PKG_CONFIG --exists --print-errors "libavc1394 >= 0.5.1"
configure:5846: $? = 0
configure:5900: result: yes
configure:5909: checking for LIBIEC61883
configure:5916: $PKG_CONFIG --exists --print-errors "libiec61883 >= 1.0.0"
configure:5919: $? = 0
configure:5932: $PKG_CONFIG --exists --print-errors "libiec61883 >= 1.0.0"
configure:5935: $? = 0
configure:5989: result: yes
configure:5996: checking for pthread_create in -lpthread
configure:6021: gcc -o conftest -g -O2   conftest.c -lpthread   >&5
configure:6021: $? = 0
configure:6030: result: yes
configure:6058: checking for LIBDV
configure:6065: $PKG_CONFIG --exists --print-errors "libdv >= 0.103"
configure:6068: $? = 0
configure:6081: $PKG_CONFIG --exists --print-errors "libdv >= 0.103"
configure:6084: $? = 0
configure:6123: result: yes
configure:6147: checking for LIBQUICKTIME
configure:6154: $PKG_CONFIG --exists --print-errors "libquicktime >= 0.9.5"
configure:6157: $? = 0
configure:6170: $PKG_CONFIG --exists --print-errors "libquicktime >= 0.9.5"
configure:6173: $? = 0
configure:6448: result: yes
configure:6474: checking jpeglib.h usability
configure:6474: gcc -c -g -O2  conftest.c >&5
configure:6474: $? = 0
configure:6474: result: yes
configure:6474: checking jpeglib.h presence
configure:6474: gcc -E  conftest.c
configure:6474: $? = 0
configure:6474: result: yes
configure:6474: checking for jpeglib.h
configure:6474: result: yes
configure:6489: checking for jpeg_CreateCompress in -ljpeg
configure:6514: gcc -o conftest -g -O2   conftest.c -ljpeg  -lpthread  >&5
configure:6514: $? = 0
configure:6523: result: yes
configure:6544: checking linux/videodev2.h usability
configure:6544: gcc -c -g -O2  conftest.c >&5
configure:6544: $? = 0
configure:6544: result: yes
configure:6544: checking linux/videodev2.h presence
configure:6544: gcc -E  conftest.c
configure:6544: $? = 0
configure:6544: result: yes
configure:6544: checking for linux/videodev2.h
configure:6544: result: yes
configure:6619: checking for an ANSI C-conforming const
configure:6684: gcc -c -g -O2  conftest.c >&5
configure:6684: $? = 0
configure:6691: result: yes
configure:6699: checking for size_t
configure:6699: gcc -c -g -O2  conftest.c >&5
configure:6699: $? = 0
configure:6699: gcc -c -g -O2  conftest.c >&5
conftest.c: In function 'main':
conftest.c:67: error: expected expression before ')' token
configure:6699: $? = 1
configure: failed program was:
| /* confdefs.h */
| #define PACKAGE_NAME "dvgrab"
| #define PACKAGE_TARNAME "dvgrab"
| #define PACKAGE_VERSION "3.5"
| #define PACKAGE_STRING "dvgrab 3.5"
| #define PACKAGE_BUGREPORT "http://sourceforge.net/tracker/?atid=114103&group_id=14103"
| #define PACKAGE_URL ""
| #define PACKAGE "dvgrab"
| #define VERSION "3.5"
| #define STDC_HEADERS 1
| #define HAVE_SYS_TYPES_H 1
| #define HAVE_SYS_STAT_H 1
| #define HAVE_STDLIB_H 1
| #define HAVE_STRING_H 1
| #define HAVE_MEMORY_H 1
| #define HAVE_STRINGS_H 1
| #define HAVE_INTTYPES_H 1
| #define HAVE_STDINT_H 1
| #define HAVE_UNISTD_H 1
| #define STDC_HEADERS 1
| #define HAVE_FCNTL_H 1
| #define HAVE_UNISTD_H 1
| #define HAVE_STDIO_H 1
| #define HAVE_LIBPTHREAD 1
| #define HAVE_LIBDV 1
| #define HAVE_LIBQUICKTIME 1
| #define HAVE_JPEGLIB_H 1
| #define HAVE_LIBJPEG 1
| #define HAVE_LINUX_VIDEODEV2_H 1
| /* end confdefs.h.  */
| #include <stdio.h>
| #ifdef HAVE_SYS_TYPES_H
| # include <sys/types.h>
| #endif
| #ifdef HAVE_SYS_STAT_H
| # include <sys/stat.h>
| #endif
| #ifdef STDC_HEADERS
| # include <stdlib.h>
| # include <stddef.h>
| #else
| # ifdef HAVE_STDLIB_H
| #  include <stdlib.h>
| # endif
| #endif
| #ifdef HAVE_STRING_H
| # if !defined STDC_HEADERS && defined HAVE_MEMORY_H
| #  include <memory.h>
| # endif
| # include <string.h>
| #endif
| #ifdef HAVE_STRINGS_H
| # include <strings.h>
| #endif
| #ifdef HAVE_INTTYPES_H
| # include <inttypes.h>
| #endif
| #ifdef HAVE_STDINT_H
| # include <stdint.h>
| #endif
| #ifdef HAVE_UNISTD_H
| # include <unistd.h>
| #endif
| int
| main ()
| {
| if (sizeof ((size_t)))
| 	    return 0;
|   ;
|   return 0;
| }
configure:6699: result: yes
configure:6710: checking whether struct tm is in sys/time.h or time.h
configure:6730: gcc -c -g -O2  conftest.c >&5
configure:6730: $? = 0
configure:6737: result: time.h
configure:6746: checking return type of signal handlers
configure:6764: gcc -c -g -O2  conftest.c >&5
conftest.c: In function 'main':
conftest.c:37: error: void value not ignored as it ought to be
configure:6764: $? = 1
configure: failed program was:
| /* confdefs.h */
| #define PACKAGE_NAME "dvgrab"
| #define PACKAGE_TARNAME "dvgrab"
| #define PACKAGE_VERSION "3.5"
| #define PACKAGE_STRING "dvgrab 3.5"
| #define PACKAGE_BUGREPORT "http://sourceforge.net/tracker/?atid=114103&group_id=14103"
| #define PACKAGE_URL ""
| #define PACKAGE "dvgrab"
| #define VERSION "3.5"
| #define STDC_HEADERS 1
| #define HAVE_SYS_TYPES_H 1
| #define HAVE_SYS_STAT_H 1
| #define HAVE_STDLIB_H 1
| #define HAVE_STRING_H 1
| #define HAVE_MEMORY_H 1
| #define HAVE_STRINGS_H 1
| #define HAVE_INTTYPES_H 1
| #define HAVE_STDINT_H 1
| #define HAVE_UNISTD_H 1
| #define STDC_HEADERS 1
| #define HAVE_FCNTL_H 1
| #define HAVE_UNISTD_H 1
| #define HAVE_STDIO_H 1
| #define HAVE_LIBPTHREAD 1
| #define HAVE_LIBDV 1
| #define HAVE_LIBQUICKTIME 1
| #define HAVE_JPEGLIB_H 1
| #define HAVE_LIBJPEG 1
| #define HAVE_LINUX_VIDEODEV2_H 1
| /* end confdefs.h.  */
| #include <sys/types.h>
| #include <signal.h>
| 
| int
| main ()
| {
| return *(signal (0, 0)) (0) == 1;
|   ;
|   return 0;
| }
configure:6771: result: void
configure:6781: checking for mktime
configure:6781: gcc -o conftest -g -O2   conftest.c -ljpeg -lpthread  >&5
configure:6781: $? = 0
configure:6781: result: yes
configure:6924: creating ./config.status

## ---------------------- ##
## Running config.status. ##
## ---------------------- ##

This file was extended by dvgrab config.status 3.5, which was
generated by GNU Autoconf 2.64.  Invocation command line was

  CONFIG_FILES    = 
  CONFIG_HEADERS  = 
  CONFIG_LINKS    = 
  CONFIG_COMMANDS = 
  $ ./config.status 

on shapur

config.status:878: creating Makefile
config.status:878: creating config.h
config.status:1050: config.h is unchanged
config.status:1098: executing depfiles commands

## ---------------- ##
## Cache variables. ##
## ---------------- ##

ac_cv_c_bigendian=no
ac_cv_c_compiler_gnu=yes
ac_cv_c_const=yes
ac_cv_cxx_compiler_gnu=yes
ac_cv_env_CCC_set=
ac_cv_env_CCC_value=
ac_cv_env_CC_set=
ac_cv_env_CC_value=
ac_cv_env_CFLAGS_set=
ac_cv_env_CFLAGS_value=
ac_cv_env_CPPFLAGS_set=
ac_cv_env_CPPFLAGS_value=
ac_cv_env_CPP_set=
ac_cv_env_CPP_value=
ac_cv_env_CXXFLAGS_set=
ac_cv_env_CXXFLAGS_value=
ac_cv_env_CXX_set=
ac_cv_env_CXX_value=
ac_cv_env_LDFLAGS_set=
ac_cv_env_LDFLAGS_value=
ac_cv_env_LIBAVC1394_CFLAGS_set=
ac_cv_env_LIBAVC1394_CFLAGS_value=
ac_cv_env_LIBAVC1394_LIBS_set=
ac_cv_env_LIBAVC1394_LIBS_value=
ac_cv_env_LIBDV_CFLAGS_set=
ac_cv_env_LIBDV_CFLAGS_value=
ac_cv_env_LIBDV_LIBS_set=
ac_cv_env_LIBDV_LIBS_value=
ac_cv_env_LIBIEC61883_CFLAGS_set=
ac_cv_env_LIBIEC61883_CFLAGS_value=
ac_cv_env_LIBIEC61883_LIBS_set=
ac_cv_env_LIBIEC61883_LIBS_value=
ac_cv_env_LIBQUICKTIME_CFLAGS_set=
ac_cv_env_LIBQUICKTIME_CFLAGS_value=
ac_cv_env_LIBQUICKTIME_LIBS_set=
ac_cv_env_LIBQUICKTIME_LIBS_value=
ac_cv_env_LIBRAW1394_CFLAGS_set=
ac_cv_env_LIBRAW1394_CFLAGS_value=
ac_cv_env_LIBRAW1394_LIBS_set=
ac_cv_env_LIBRAW1394_LIBS_value=
ac_cv_env_LIBS_set=
ac_cv_env_LIBS_value=
ac_cv_env_PKG_CONFIG_set=
ac_cv_env_PKG_CONFIG_value=
ac_cv_env_build_alias_set=
ac_cv_env_build_alias_value=
ac_cv_env_host_alias_set=
ac_cv_env_host_alias_value=
ac_cv_env_target_alias_set=
ac_cv_env_target_alias_value=
ac_cv_func_mktime=yes
ac_cv_header_fcntl_h=yes
ac_cv_header_inttypes_h=yes
ac_cv_header_jpeglib_h=yes
ac_cv_header_linux_videodev2_h=yes
ac_cv_header_memory_h=yes
ac_cv_header_stdc=yes
ac_cv_header_stdint_h=yes
ac_cv_header_stdio_h=yes
ac_cv_header_stdlib_h=yes
ac_cv_header_string_h=yes
ac_cv_header_strings_h=yes
ac_cv_header_sys_stat_h=yes
ac_cv_header_sys_types_h=yes
ac_cv_header_unistd_h=yes
ac_cv_lib_jpeg_jpeg_CreateCompress=yes
ac_cv_lib_pthread_pthread_create=yes
ac_cv_objext=o
ac_cv_path_EGREP='/bin/grep -E'
ac_cv_path_GREP=/bin/grep
ac_cv_path_ac_pt_PKG_CONFIG=/usr/bin/pkg-config
ac_cv_path_install='/usr/bin/install -c'
ac_cv_path_mkdir=/bin/mkdir
ac_cv_prog_AWK=gawk
ac_cv_prog_CPP='gcc -E'
ac_cv_prog_ac_ct_CC=gcc
ac_cv_prog_ac_ct_CXX=g++
ac_cv_prog_cc_c89=
ac_cv_prog_cc_g=yes
ac_cv_prog_cxx_g=yes
ac_cv_prog_make_make_set=yes
ac_cv_search_strerror='none required'
ac_cv_struct_tm=time.h
ac_cv_type_signal=void
ac_cv_type_size_t=yes
am_cv_CC_dependencies_compiler_type=gcc3
am_cv_CXX_dependencies_compiler_type=gcc3
am_cv_prog_cc_stdc=
pkg_cv_LIBAVC1394_CFLAGS=' '
pkg_cv_LIBAVC1394_LIBS='-lavc1394 -lrom1394 -lraw1394  '
pkg_cv_LIBDV_CFLAGS=' '
pkg_cv_LIBDV_LIBS='-ldv -lm  '
pkg_cv_LIBIEC61883_CFLAGS=' '
pkg_cv_LIBIEC61883_LIBS='-liec61883 -lraw1394  '
pkg_cv_LIBQUICKTIME_CFLAGS='-I/usr/include/lqt  '
pkg_cv_LIBQUICKTIME_LIBS='-lquicktime -lpthread -lm -lz -ldl  '
pkg_cv_LIBRAW1394_CFLAGS=' '
pkg_cv_LIBRAW1394_LIBS='-lraw1394  '

## ----------------- ##
## Output variables. ##
## ----------------- ##

ACLOCAL='${SHELL} /home/robotlab/ros/ua-ros-pkg/ua_experimental/ultraspeech/src/dvgrab-3.5/missing --run aclocal-1.11'
AMDEPBACKSLASH='\'
AMDEP_FALSE='#'
AMDEP_TRUE=''
AMTAR='${SHELL} /home/robotlab/ros/ua-ros-pkg/ua_experimental/ultraspeech/src/dvgrab-3.5/missing --run tar'
AUTOCONF='${SHELL} /home/robotlab/ros/ua-ros-pkg/ua_experimental/ultraspeech/src/dvgrab-3.5/missing --run autoconf'
AUTOHEADER='${SHELL} /home/robotlab/ros/ua-ros-pkg/ua_experimental/ultraspeech/src/dvgrab-3.5/missing --run autoheader'
AUTOMAKE='${SHELL} /home/robotlab/ros/ua-ros-pkg/ua_experimental/ultraspeech/src/dvgrab-3.5/missing --run automake-1.11'
AWK='gawk'
CC='gcc'
CCDEPMODE='depmode=gcc3'
CFLAGS='-g -O2'
CPP='gcc -E'
CPPFLAGS=''
CXX='g++'
CXXDEPMODE='depmode=gcc3'
CXXFLAGS='-g -O2'
CYGPATH_W='echo'
DEFS='-DHAVE_CONFIG_H'
DEPDIR='.deps'
ECHO_C=''
ECHO_N='-n'
ECHO_T=''
EGREP='/bin/grep -E'
EXEEXT=''
GREP='/bin/grep'
INSTALL_DATA='${INSTALL} -m 644'
INSTALL_PROGRAM='${INSTALL}'
INSTALL_SCRIPT='${INSTALL}'
INSTALL_STRIP_PROGRAM='$(install_sh) -c -s'
LDFLAGS=''
LIBAVC1394_CFLAGS=' '
LIBAVC1394_LIBS='-lavc1394 -lrom1394 -lraw1394  '
LIBDV_CFLAGS=' '
LIBDV_LIBS='-ldv -lm  '
LIBIEC61883_CFLAGS=' '
LIBIEC61883_LIBS='-liec61883 -lraw1394  '
LIBOBJS=''
LIBQUICKTIME_CFLAGS='-I/usr/include/lqt  '
LIBQUICKTIME_LIBS='-lquicktime -lpthread -lm -lz -ldl  '
LIBRAW1394_CFLAGS=' '
LIBRAW1394_LIBS='-lraw1394  '
LIBS='-ljpeg -lpthread '
LTLIBOBJS=''
MAINT='#'
MAINTAINER_MODE_FALSE=''
MAINTAINER_MODE_TRUE='#'
MAKEINFO='${SHELL} /home/robotlab/ros/ua-ros-pkg/ua_experimental/ultraspeech/src/dvgrab-3.5/missing --run makeinfo'
MKDIR_P='/bin/mkdir -p'
OBJEXT='o'
PACKAGE='dvgrab'
PACKAGE_BUGREPORT='http://sourceforge.net/tracker/?atid=114103&group_id=14103'
PACKAGE_NAME='dvgrab'
PACKAGE_STRING='dvgrab 3.5'
PACKAGE_TARNAME='dvgrab'
PACKAGE_URL=''
PACKAGE_VERSION='3.5'
PATH_SEPARATOR=':'
PKG_CONFIG='/usr/bin/pkg-config'
SET_MAKE=''
SHELL='/bin/bash'
STRIP=''
VERSION='3.5'
ac_ct_CC='gcc'
ac_ct_CXX='g++'
am__EXEEXT_FALSE=''
am__EXEEXT_TRUE='#'
am__fastdepCC_FALSE='#'
am__fastdepCC_TRUE=''
am__fastdepCXX_FALSE='#'
am__fastdepCXX_TRUE=''
am__include='include'
am__isrc=''
am__leading_dot='.'
am__quote=''
am__tar='${AMTAR} chof - "$$tardir"'
am__untar='${AMTAR} xf -'
bindir='${exec_prefix}/bin'
build_alias=''
datadir='${datarootdir}'
datarootdir='${prefix}/share'
docdir='${datarootdir}/doc/${PACKAGE_TARNAME}'
dvidir='${docdir}'
exec_prefix='${prefix}'
host_alias=''
htmldir='${docdir}'
includedir='${prefix}/include'
infodir='${datarootdir}/info'
install_sh='${SHELL} /home/robotlab/ros/ua-ros-pkg/ua_experimental/ultraspeech/src/dvgrab-3.5/install-sh'
libdir='${exec_prefix}/lib'
libexecdir='${exec_prefix}/libexec'
localedir='${datarootdir}/locale'
localstatedir='${prefix}/var'
mandir='${datarootdir}/man'
mkdir_p='/bin/mkdir -p'
oldincludedir='/usr/include'
pdfdir='${docdir}'
prefix='/usr/local'
program_transform_name='s,x,x,'
psdir='${docdir}'
sbindir='${exec_prefix}/sbin'
sharedstatedir='${prefix}/com'
sysconfdir='${prefix}/etc'
target_alias=''

## ----------- ##
## confdefs.h. ##
## ----------- ##

/* confdefs.h */
#define PACKAGE_NAME "dvgrab"
#define PACKAGE_TARNAME "dvgrab"
#define PACKAGE_VERSION "3.5"
#define PACKAGE_STRING "dvgrab 3.5"
#define PACKAGE_BUGREPORT "http://sourceforge.net/tracker/?atid=114103&group_id=14103"
#define PACKAGE_URL ""
#define PACKAGE "dvgrab"
#define VERSION "3.5"
#define STDC_HEADERS 1
#define HAVE_SYS_TYPES_H 1
#define HAVE_SYS_STAT_H 1
#define HAVE_STDLIB_H 1
#define HAVE_STRING_H 1
#define HAVE_MEMORY_H 1
#define HAVE_STRINGS_H 1
#define HAVE_INTTYPES_H 1
#define HAVE_STDINT_H 1
#define HAVE_UNISTD_H 1
#define STDC_HEADERS 1
#define HAVE_FCNTL_H 1
#define HAVE_UNISTD_H 1
#define HAVE_STDIO_H 1
#define HAVE_LIBPTHREAD 1
#define HAVE_LIBDV 1
#define HAVE_LIBQUICKTIME 1
#define HAVE_JPEGLIB_H 1
#define HAVE_LIBJPEG 1
#define HAVE_LINUX_VIDEODEV2_H 1
#define RETSIGTYPE void
#define HAVE_MKTIME 1

configure: exit 0
